{"D:\\Projects\\jest-Assignment\\classes\\Admin.js": {"path":"D:\\Projects\\jest-Assignment\\classes\\Admin.js","statementMap":{"0":{"start":{"line":1,"column":17},"end":{"line":1,"column":41}},"1":{"start":{"line":3,"column":0},"end":{"line":55,"column":2}},"2":{"start":{"line":5,"column":4},"end":{"line":5,"column":17}},"3":{"start":{"line":6,"column":4},"end":{"line":6,"column":21}},"4":{"start":{"line":7,"column":4},"end":{"line":7,"column":35}},"5":{"start":{"line":10,"column":4},"end":{"line":10,"column":37}},"6":{"start":{"line":13,"column":4},"end":{"line":15,"column":5}},"7":{"start":{"line":14,"column":6},"end":{"line":14,"column":21}},"8":{"start":{"line":16,"column":4},"end":{"line":25,"column":5}},"9":{"start":{"line":17,"column":6},"end":{"line":22,"column":9}},"10":{"start":{"line":24,"column":6},"end":{"line":24,"column":21}},"11":{"start":{"line":28,"column":4},"end":{"line":30,"column":5}},"12":{"start":{"line":29,"column":6},"end":{"line":29,"column":21}},"13":{"start":{"line":32,"column":29},"end":{"line":32,"column":34}},"14":{"start":{"line":33,"column":4},"end":{"line":33,"column":46}},"15":{"start":{"line":35,"column":6},"end":{"line":37,"column":7}},"16":{"start":{"line":36,"column":8},"end":{"line":36,"column":34}},"17":{"start":{"line":39,"column":4},"end":{"line":39,"column":56}},"18":{"start":{"line":39,"column":29},"end":{"line":39,"column":56}},"19":{"start":{"line":40,"column":4},"end":{"line":45,"column":5}},"20":{"start":{"line":40,"column":21},"end":{"line":40,"column":22}},"21":{"start":{"line":41,"column":6},"end":{"line":44,"column":7}},"22":{"start":{"line":42,"column":8},"end":{"line":42,"column":51}},"23":{"start":{"line":43,"column":8},"end":{"line":43,"column":14}},"24":{"start":{"line":46,"column":4},"end":{"line":46,"column":37}},"25":{"start":{"line":49,"column":4},"end":{"line":49,"column":32}},"26":{"start":{"line":52,"column":4},"end":{"line":52,"column":28}},"27":{"start":{"line":52,"column":13},"end":{"line":52,"column":28}},"28":{"start":{"line":53,"column":4},"end":{"line":53,"column":52}}},"fnMap":{"0":{"name":"(anonymous_0)","decl":{"start":{"line":4,"column":2},"end":{"line":4,"column":3}},"loc":{"start":{"line":4,"column":24},"end":{"line":8,"column":3}},"line":4},"1":{"name":"(anonymous_1)","decl":{"start":{"line":9,"column":2},"end":{"line":9,"column":3}},"loc":{"start":{"line":9,"column":17},"end":{"line":11,"column":3}},"line":9},"2":{"name":"(anonymous_2)","decl":{"start":{"line":12,"column":2},"end":{"line":12,"column":3}},"loc":{"start":{"line":12,"column":41},"end":{"line":26,"column":3}},"line":12},"3":{"name":"(anonymous_3)","decl":{"start":{"line":27,"column":2},"end":{"line":27,"column":3}},"loc":{"start":{"line":27,"column":20},"end":{"line":47,"column":3}},"line":27},"4":{"name":"checkId","decl":{"start":{"line":34,"column":13},"end":{"line":34,"column":20}},"loc":{"start":{"line":34,"column":30},"end":{"line":38,"column":5}},"line":34},"5":{"name":"(anonymous_5)","decl":{"start":{"line":48,"column":2},"end":{"line":48,"column":3}},"loc":{"start":{"line":48,"column":17},"end":{"line":50,"column":3}},"line":48},"6":{"name":"(anonymous_6)","decl":{"start":{"line":51,"column":2},"end":{"line":51,"column":3}},"loc":{"start":{"line":51,"column":22},"end":{"line":54,"column":3}},"line":51}},"branchMap":{"0":{"loc":{"start":{"line":13,"column":4},"end":{"line":15,"column":5}},"type":"if","locations":[{"start":{"line":13,"column":4},"end":{"line":15,"column":5}},{"start":{},"end":{}}],"line":13},"1":{"loc":{"start":{"line":13,"column":8},"end":{"line":13,"column":43}},"type":"binary-expr","locations":[{"start":{"line":13,"column":8},"end":{"line":13,"column":11}},{"start":{"line":13,"column":15},"end":{"line":13,"column":20}},{"start":{"line":13,"column":24},"end":{"line":13,"column":30}},{"start":{"line":13,"column":34},"end":{"line":13,"column":43}}],"line":13},"2":{"loc":{"start":{"line":16,"column":4},"end":{"line":25,"column":5}},"type":"if","locations":[{"start":{"line":16,"column":4},"end":{"line":25,"column":5}},{"start":{"line":23,"column":11},"end":{"line":25,"column":5}}],"line":16},"3":{"loc":{"start":{"line":28,"column":4},"end":{"line":30,"column":5}},"type":"if","locations":[{"start":{"line":28,"column":4},"end":{"line":30,"column":5}},{"start":{},"end":{}}],"line":28},"4":{"loc":{"start":{"line":35,"column":6},"end":{"line":37,"column":7}},"type":"if","locations":[{"start":{"line":35,"column":6},"end":{"line":37,"column":7}},{"start":{},"end":{}}],"line":35},"5":{"loc":{"start":{"line":39,"column":4},"end":{"line":39,"column":56}},"type":"if","locations":[{"start":{"line":39,"column":4},"end":{"line":39,"column":56}},{"start":{},"end":{}}],"line":39},"6":{"loc":{"start":{"line":41,"column":6},"end":{"line":44,"column":7}},"type":"if","locations":[{"start":{"line":41,"column":6},"end":{"line":44,"column":7}},{"start":{},"end":{}}],"line":41},"7":{"loc":{"start":{"line":52,"column":4},"end":{"line":52,"column":28}},"type":"if","locations":[{"start":{"line":52,"column":4},"end":{"line":52,"column":28}},{"start":{},"end":{}}],"line":52}},"s":{"0":3,"1":3,"2":2,"3":2,"4":2,"5":0,"6":3,"7":1,"8":2,"9":2,"10":0,"11":3,"12":1,"13":2,"14":2,"15":4,"16":1,"17":2,"18":1,"19":1,"20":1,"21":1,"22":1,"23":1,"24":1,"25":1,"26":2,"27":1,"28":1},"f":{"0":2,"1":0,"2":3,"3":3,"4":4,"5":1,"6":2},"b":{"0":[1,2],"1":[3,3,2,2],"2":[2,0],"3":[1,2],"4":[1,3],"5":[1,1],"6":[1,0],"7":[1,1]},"_coverageSchema":"1a1c01bbd47fc00a2c39e90264f33305004495a9","hash":"f771bc7a13f05c24fd7bda0c401099516e4cfaa0"}
,"D:\\Projects\\jest-Assignment\\classes\\Cart.js": {"path":"D:\\Projects\\jest-Assignment\\classes\\Cart.js","statementMap":{"0":{"start":{"line":1,"column":0},"end":{"line":12,"column":2}},"1":{"start":{"line":3,"column":4},"end":{"line":3,"column":29}},"2":{"start":{"line":6,"column":14},"end":{"line":6,"column":15}},"3":{"start":{"line":7,"column":4},"end":{"line":9,"column":5}},"4":{"start":{"line":7,"column":21},"end":{"line":7,"column":22}},"5":{"start":{"line":8,"column":6},"end":{"line":8,"column":46}},"6":{"start":{"line":10,"column":4},"end":{"line":10,"column":15}}},"fnMap":{"0":{"name":"(anonymous_0)","decl":{"start":{"line":2,"column":2},"end":{"line":2,"column":3}},"loc":{"start":{"line":2,"column":16},"end":{"line":4,"column":3}},"line":2},"1":{"name":"(anonymous_1)","decl":{"start":{"line":5,"column":2},"end":{"line":5,"column":3}},"loc":{"start":{"line":5,"column":10},"end":{"line":11,"column":3}},"line":5}},"branchMap":{},"s":{"0":4,"1":4,"2":10,"3":10,"4":10,"5":7,"6":10},"f":{"0":4,"1":10},"b":{},"_coverageSchema":"1a1c01bbd47fc00a2c39e90264f33305004495a9","hash":"b97e0874dda6e6a4f7e46991cf43ab31eb8d19fc"}
,"D:\\Projects\\jest-Assignment\\classes\\Customer.js": {"path":"D:\\Projects\\jest-Assignment\\classes\\Customer.js","statementMap":{"0":{"start":{"line":1,"column":13},"end":{"line":1,"column":33}},"1":{"start":{"line":2,"column":16},"end":{"line":2,"column":39}},"2":{"start":{"line":3,"column":17},"end":{"line":3,"column":41}},"3":{"start":{"line":4,"column":0},"end":{"line":74,"column":2}},"4":{"start":{"line":6,"column":4},"end":{"line":6,"column":17}},"5":{"start":{"line":7,"column":4},"end":{"line":7,"column":21}},"6":{"start":{"line":8,"column":4},"end":{"line":8,"column":27}},"7":{"start":{"line":9,"column":4},"end":{"line":9,"column":23}},"8":{"start":{"line":11,"column":4},"end":{"line":11,"column":35}},"9":{"start":{"line":12,"column":4},"end":{"line":12,"column":27}},"10":{"start":{"line":16,"column":4},"end":{"line":16,"column":37}},"11":{"start":{"line":19,"column":4},"end":{"line":19,"column":28}},"12":{"start":{"line":19,"column":13},"end":{"line":19,"column":28}},"13":{"start":{"line":20,"column":29},"end":{"line":20,"column":34}},"14":{"start":{"line":21,"column":4},"end":{"line":21,"column":46}},"15":{"start":{"line":23,"column":6},"end":{"line":25,"column":7}},"16":{"start":{"line":24,"column":8},"end":{"line":24,"column":34}},"17":{"start":{"line":27,"column":4},"end":{"line":27,"column":56}},"18":{"start":{"line":27,"column":29},"end":{"line":27,"column":56}},"19":{"start":{"line":28,"column":4},"end":{"line":31,"column":7}},"20":{"start":{"line":32,"column":4},"end":{"line":32,"column":24}},"21":{"start":{"line":36,"column":4},"end":{"line":36,"column":28}},"22":{"start":{"line":36,"column":13},"end":{"line":36,"column":28}},"23":{"start":{"line":37,"column":29},"end":{"line":37,"column":34}},"24":{"start":{"line":38,"column":4},"end":{"line":38,"column":45}},"25":{"start":{"line":40,"column":6},"end":{"line":42,"column":7}},"26":{"start":{"line":41,"column":8},"end":{"line":41,"column":34}},"27":{"start":{"line":44,"column":4},"end":{"line":44,"column":64}},"28":{"start":{"line":44,"column":29},"end":{"line":44,"column":64}},"29":{"start":{"line":45,"column":4},"end":{"line":50,"column":5}},"30":{"start":{"line":45,"column":21},"end":{"line":45,"column":22}},"31":{"start":{"line":46,"column":6},"end":{"line":49,"column":7}},"32":{"start":{"line":47,"column":8},"end":{"line":47,"column":50}},"33":{"start":{"line":48,"column":8},"end":{"line":48,"column":14}},"34":{"start":{"line":51,"column":4},"end":{"line":51,"column":24}},"35":{"start":{"line":54,"column":18},"end":{"line":60,"column":5}},"36":{"start":{"line":61,"column":4},"end":{"line":66,"column":5}},"37":{"start":{"line":62,"column":6},"end":{"line":62,"column":33}},"38":{"start":{"line":65,"column":6},"end":{"line":65,"column":29}},"39":{"start":{"line":69,"column":20},"end":{"line":69,"column":37}},"40":{"start":{"line":70,"column":26},"end":{"line":70,"column":57}},"41":{"start":{"line":71,"column":4},"end":{"line":71,"column":34}},"42":{"start":{"line":72,"column":4},"end":{"line":72,"column":65}}},"fnMap":{"0":{"name":"(anonymous_0)","decl":{"start":{"line":5,"column":2},"end":{"line":5,"column":3}},"loc":{"start":{"line":5,"column":40},"end":{"line":13,"column":3}},"line":5},"1":{"name":"(anonymous_1)","decl":{"start":{"line":15,"column":2},"end":{"line":15,"column":3}},"loc":{"start":{"line":15,"column":17},"end":{"line":17,"column":3}},"line":15},"2":{"name":"(anonymous_2)","decl":{"start":{"line":18,"column":2},"end":{"line":18,"column":3}},"loc":{"start":{"line":18,"column":23},"end":{"line":33,"column":3}},"line":18},"3":{"name":"checkId","decl":{"start":{"line":22,"column":13},"end":{"line":22,"column":20}},"loc":{"start":{"line":22,"column":30},"end":{"line":26,"column":5}},"line":22},"4":{"name":"(anonymous_4)","decl":{"start":{"line":35,"column":2},"end":{"line":35,"column":3}},"loc":{"start":{"line":35,"column":21},"end":{"line":52,"column":3}},"line":35},"5":{"name":"checkId","decl":{"start":{"line":39,"column":13},"end":{"line":39,"column":20}},"loc":{"start":{"line":39,"column":30},"end":{"line":43,"column":5}},"line":39},"6":{"name":"(anonymous_6)","decl":{"start":{"line":53,"column":2},"end":{"line":53,"column":3}},"loc":{"start":{"line":53,"column":40},"end":{"line":67,"column":3}},"line":53},"7":{"name":"(anonymous_7)","decl":{"start":{"line":68,"column":2},"end":{"line":68,"column":3}},"loc":{"start":{"line":68,"column":16},"end":{"line":73,"column":3}},"line":68}},"branchMap":{"0":{"loc":{"start":{"line":19,"column":4},"end":{"line":19,"column":28}},"type":"if","locations":[{"start":{"line":19,"column":4},"end":{"line":19,"column":28}},{"start":{},"end":{}}],"line":19},"1":{"loc":{"start":{"line":23,"column":6},"end":{"line":25,"column":7}},"type":"if","locations":[{"start":{"line":23,"column":6},"end":{"line":25,"column":7}},{"start":{},"end":{}}],"line":23},"2":{"loc":{"start":{"line":27,"column":4},"end":{"line":27,"column":56}},"type":"if","locations":[{"start":{"line":27,"column":4},"end":{"line":27,"column":56}},{"start":{},"end":{}}],"line":27},"3":{"loc":{"start":{"line":36,"column":4},"end":{"line":36,"column":28}},"type":"if","locations":[{"start":{"line":36,"column":4},"end":{"line":36,"column":28}},{"start":{},"end":{}}],"line":36},"4":{"loc":{"start":{"line":40,"column":6},"end":{"line":42,"column":7}},"type":"if","locations":[{"start":{"line":40,"column":6},"end":{"line":42,"column":7}},{"start":{},"end":{}}],"line":40},"5":{"loc":{"start":{"line":44,"column":4},"end":{"line":44,"column":64}},"type":"if","locations":[{"start":{"line":44,"column":4},"end":{"line":44,"column":64}},{"start":{},"end":{}}],"line":44},"6":{"loc":{"start":{"line":46,"column":6},"end":{"line":49,"column":7}},"type":"if","locations":[{"start":{"line":46,"column":6},"end":{"line":49,"column":7}},{"start":{},"end":{}}],"line":46},"7":{"loc":{"start":{"line":61,"column":4},"end":{"line":66,"column":5}},"type":"if","locations":[{"start":{"line":61,"column":4},"end":{"line":66,"column":5}},{"start":{"line":63,"column":11},"end":{"line":66,"column":5}}],"line":61}},"s":{"0":4,"1":4,"2":4,"3":4,"4":4,"5":4,"6":4,"7":4,"8":4,"9":4,"10":1,"11":5,"12":1,"13":4,"14":4,"15":20,"16":3,"17":4,"18":1,"19":3,"20":3,"21":3,"22":1,"23":2,"24":2,"25":4,"26":1,"27":2,"28":1,"29":1,"30":1,"31":1,"32":1,"33":1,"34":1,"35":5,"36":5,"37":2,"38":3,"39":1,"40":1,"41":1,"42":1},"f":{"0":4,"1":1,"2":5,"3":20,"4":3,"5":4,"6":5,"7":1},"b":{"0":[1,4],"1":[3,17],"2":[1,3],"3":[1,2],"4":[1,3],"5":[1,1],"6":[1,0],"7":[2,3]},"_coverageSchema":"1a1c01bbd47fc00a2c39e90264f33305004495a9","hash":"d1a823eceb759d3de6706c3f7addc3056d1f5ad8"}
,"D:\\Projects\\jest-Assignment\\classes\\Guest.js": {"path":"D:\\Projects\\jest-Assignment\\classes\\Guest.js","statementMap":{"0":{"start":{"line":1,"column":17},"end":{"line":1,"column":41}},"1":{"start":{"line":2,"column":17},"end":{"line":2,"column":41}},"2":{"start":{"line":3,"column":0},"end":{"line":14,"column":2}},"3":{"start":{"line":5,"column":4},"end":{"line":5,"column":35}},"4":{"start":{"line":8,"column":4},"end":{"line":8,"column":37}},"5":{"start":{"line":11,"column":18},"end":{"line":11,"column":56}},"6":{"start":{"line":12,"column":4},"end":{"line":12,"column":19}}},"fnMap":{"0":{"name":"(anonymous_0)","decl":{"start":{"line":4,"column":2},"end":{"line":4,"column":3}},"loc":{"start":{"line":4,"column":16},"end":{"line":6,"column":3}},"line":4},"1":{"name":"(anonymous_1)","decl":{"start":{"line":7,"column":2},"end":{"line":7,"column":3}},"loc":{"start":{"line":7,"column":17},"end":{"line":9,"column":3}},"line":7},"2":{"name":"(anonymous_2)","decl":{"start":{"line":10,"column":2},"end":{"line":10,"column":3}},"loc":{"start":{"line":10,"column":42},"end":{"line":13,"column":3}},"line":10}},"branchMap":{},"s":{"0":1,"1":1,"2":1,"3":1,"4":1,"5":1,"6":1},"f":{"0":1,"1":1,"2":1},"b":{},"_coverageSchema":"1a1c01bbd47fc00a2c39e90264f33305004495a9","hash":"fd084e8e79afb4077a6506c125a2575e990ea07b"}
,"D:\\Projects\\jest-Assignment\\classes\\Payment.js": {"path":"D:\\Projects\\jest-Assignment\\classes\\Payment.js","statementMap":{"0":{"start":{"line":1,"column":0},"end":{"line":16,"column":2}},"1":{"start":{"line":3,"column":4},"end":{"line":3,"column":35}},"2":{"start":{"line":4,"column":4},"end":{"line":4,"column":21}},"3":{"start":{"line":5,"column":4},"end":{"line":5,"column":31}},"4":{"start":{"line":6,"column":4},"end":{"line":6,"column":27}},"5":{"start":{"line":7,"column":4},"end":{"line":7,"column":25}},"6":{"start":{"line":10,"column":4},"end":{"line":10,"column":24}},"7":{"start":{"line":13,"column":4},"end":{"line":14,"column":22}},"8":{"start":{"line":13,"column":32},"end":{"line":13,"column":44}},"9":{"start":{"line":14,"column":9},"end":{"line":14,"column":22}}},"fnMap":{"0":{"name":"(anonymous_0)","decl":{"start":{"line":2,"column":2},"end":{"line":2,"column":3}},"loc":{"start":{"line":2,"column":61},"end":{"line":8,"column":3}},"line":2},"1":{"name":"(anonymous_1)","decl":{"start":{"line":9,"column":2},"end":{"line":9,"column":3}},"loc":{"start":{"line":9,"column":17},"end":{"line":11,"column":3}},"line":9},"2":{"name":"(anonymous_2)","decl":{"start":{"line":12,"column":2},"end":{"line":12,"column":3}},"loc":{"start":{"line":12,"column":22},"end":{"line":15,"column":3}},"line":12}},"branchMap":{"0":{"loc":{"start":{"line":13,"column":4},"end":{"line":14,"column":22}},"type":"if","locations":[{"start":{"line":13,"column":4},"end":{"line":14,"column":22}},{"start":{"line":14,"column":9},"end":{"line":14,"column":22}}],"line":13}},"s":{"0":4,"1":5,"2":5,"3":5,"4":5,"5":5,"6":0,"7":1,"8":1,"9":0},"f":{"0":5,"1":0,"2":1},"b":{"0":[1,0]},"_coverageSchema":"1a1c01bbd47fc00a2c39e90264f33305004495a9","hash":"1cd11219c92da0f832286d7e9cf073d100cf3573"}
,"D:\\Projects\\jest-Assignment\\classes\\Products.js": {"path":"D:\\Projects\\jest-Assignment\\classes\\Products.js","statementMap":{"0":{"start":{"line":1,"column":0},"end":{"line":5,"column":2}},"1":{"start":{"line":3,"column":4},"end":{"line":3,"column":26}}},"fnMap":{"0":{"name":"(anonymous_0)","decl":{"start":{"line":2,"column":2},"end":{"line":2,"column":3}},"loc":{"start":{"line":2,"column":16},"end":{"line":4,"column":3}},"line":2}},"branchMap":{},"s":{"0":5,"1":7},"f":{"0":7},"b":{},"_coverageSchema":"1a1c01bbd47fc00a2c39e90264f33305004495a9","hash":"118f72d03dbc8846adac52bcdce8a0c5c4653be2"}
}
