TN:
SF:classes\Admin.js
FN:4,(anonymous_0)
FN:9,(anonymous_1)
FN:12,(anonymous_2)
FN:27,(anonymous_3)
FN:34,checkId
FN:48,(anonymous_5)
FN:51,(anonymous_6)
FNF:7
FNH:6
FNDA:2,(anonymous_0)
FNDA:0,(anonymous_1)
FNDA:3,(anonymous_2)
FNDA:3,(anonymous_3)
FNDA:4,checkId
FNDA:1,(anonymous_5)
FNDA:2,(anonymous_6)
DA:1,3
DA:3,3
DA:5,2
DA:6,2
DA:7,2
DA:10,0
DA:13,3
DA:14,1
DA:16,2
DA:17,2
DA:24,0
DA:28,3
DA:29,1
DA:32,2
DA:33,2
DA:35,4
DA:36,1
DA:39,2
DA:40,1
DA:41,1
DA:42,1
DA:43,1
DA:46,1
DA:49,1
DA:52,2
DA:53,1
LF:26
LH:24
BRDA:13,0,0,1
BRDA:13,0,1,2
BRDA:13,1,0,3
BRDA:13,1,1,3
BRDA:13,1,2,2
BRDA:13,1,3,2
BRDA:16,2,0,2
BRDA:16,2,1,0
BRDA:28,3,0,1
BRDA:28,3,1,2
BRDA:35,4,0,1
BRDA:35,4,1,3
BRDA:39,5,0,1
BRDA:39,5,1,1
BRDA:41,6,0,1
BRDA:41,6,1,0
BRDA:52,7,0,1
BRDA:52,7,1,1
BRF:18
BRH:16
end_of_record
TN:
SF:classes\Cart.js
FN:2,(anonymous_0)
FN:5,(anonymous_1)
FNF:2
FNH:2
FNDA:4,(anonymous_0)
FNDA:10,(anonymous_1)
DA:1,4
DA:3,4
DA:6,10
DA:7,10
DA:8,7
DA:10,10
LF:6
LH:6
BRF:0
BRH:0
end_of_record
TN:
SF:classes\Customer.js
FN:5,(anonymous_0)
FN:15,(anonymous_1)
FN:18,(anonymous_2)
FN:22,checkId
FN:35,(anonymous_4)
FN:39,checkId
FN:53,(anonymous_6)
FN:68,(anonymous_7)
FNF:8
FNH:8
FNDA:4,(anonymous_0)
FNDA:1,(anonymous_1)
FNDA:5,(anonymous_2)
FNDA:20,checkId
FNDA:3,(anonymous_4)
FNDA:4,checkId
FNDA:5,(anonymous_6)
FNDA:1,(anonymous_7)
DA:1,4
DA:2,4
DA:3,4
DA:4,4
DA:6,4
DA:7,4
DA:8,4
DA:9,4
DA:11,4
DA:12,4
DA:16,1
DA:19,5
DA:20,4
DA:21,4
DA:23,20
DA:24,3
DA:27,4
DA:28,3
DA:32,3
DA:36,3
DA:37,2
DA:38,2
DA:40,4
DA:41,1
DA:44,2
DA:45,1
DA:46,1
DA:47,1
DA:48,1
DA:51,1
DA:54,5
DA:61,5
DA:62,2
DA:65,3
DA:69,1
DA:70,1
DA:71,1
DA:72,1
LF:38
LH:38
BRDA:19,0,0,1
BRDA:19,0,1,4
BRDA:23,1,0,3
BRDA:23,1,1,17
BRDA:27,2,0,1
BRDA:27,2,1,3
BRDA:36,3,0,1
BRDA:36,3,1,2
BRDA:40,4,0,1
BRDA:40,4,1,3
BRDA:44,5,0,1
BRDA:44,5,1,1
BRDA:46,6,0,1
BRDA:46,6,1,0
BRDA:61,7,0,2
BRDA:61,7,1,3
BRF:16
BRH:15
end_of_record
TN:
SF:classes\Guest.js
FN:4,(anonymous_0)
FN:7,(anonymous_1)
FN:10,(anonymous_2)
FNF:3
FNH:3
FNDA:1,(anonymous_0)
FNDA:1,(anonymous_1)
FNDA:1,(anonymous_2)
DA:1,1
DA:2,1
DA:3,1
DA:5,1
DA:8,1
DA:11,1
DA:12,1
LF:7
LH:7
BRF:0
BRH:0
end_of_record
TN:
SF:classes\Payment.js
FN:2,(anonymous_0)
FN:9,(anonymous_1)
FN:12,(anonymous_2)
FNF:3
FNH:2
FNDA:5,(anonymous_0)
FNDA:0,(anonymous_1)
FNDA:1,(anonymous_2)
DA:1,4
DA:3,5
DA:4,5
DA:5,5
DA:6,5
DA:7,5
DA:10,0
DA:13,1
DA:14,0
LF:9
LH:7
BRDA:13,0,0,1
BRDA:13,0,1,0
BRF:2
BRH:1
end_of_record
TN:
SF:classes\Products.js
FN:2,(anonymous_0)
FNF:1
FNH:1
FNDA:7,(anonymous_0)
DA:1,5
DA:3,7
LF:2
LH:2
BRF:0
BRH:0
end_of_record
